mode: set
github.com/EduardoOliveira/ckc/enrichment/enrichment.go:19.78,26.2 1 0
github.com/EduardoOliveira/ckc/enrichment/enrichment.go:28.51,29.9 1 0
github.com/EduardoOliveira/ckc/enrichment/enrichment.go:30.19,30.19 0 0
github.com/EduardoOliveira/ckc/enrichment/enrichment.go:31.10,32.65 1 0
github.com/EduardoOliveira/ckc/enrichment/enrichment.go:36.36,37.6 1 0
github.com/EduardoOliveira/ckc/enrichment/enrichment.go:37.6,38.10 1 0
github.com/EduardoOliveira/ckc/enrichment/enrichment.go:39.22,40.55 1 0
github.com/EduardoOliveira/ckc/enrichment/enrichment.go:40.55,42.5 1 0
github.com/EduardoOliveira/ckc/enrichment/enrichment.go:43.23,44.22 1 0
github.com/EduardoOliveira/ckc/enrichment/ip.go:22.71,24.43 2 0
github.com/EduardoOliveira/ckc/enrichment/ip.go:24.43,25.51 1 0
github.com/EduardoOliveira/ckc/enrichment/ip.go:28.2,31.3 1 0
github.com/EduardoOliveira/ckc/enrichment/ip.go:34.78,35.12 1 0
github.com/EduardoOliveira/ckc/enrichment/ip.go:35.12,38.17 2 0
github.com/EduardoOliveira/ckc/enrichment/ip.go:38.17,41.4 2 0
github.com/EduardoOliveira/ckc/enrichment/ip.go:43.3,43.70 1 0
github.com/EduardoOliveira/ckc/enrichment/ip.go:43.70,45.18 2 0
github.com/EduardoOliveira/ckc/enrichment/ip.go:45.18,48.5 2 0
github.com/EduardoOliveira/ckc/enrichment/ip.go:49.4,50.18 2 0
github.com/EduardoOliveira/ckc/enrichment/ip.go:50.18,53.5 2 0
github.com/EduardoOliveira/ckc/enrichment/ip.go:56.2,56.12 1 0
github.com/EduardoOliveira/ckc/enrichment/ip.go:59.102,62.16 2 1
github.com/EduardoOliveira/ckc/enrichment/ip.go:62.16,64.3 1 0
github.com/EduardoOliveira/ckc/enrichment/ip.go:65.2,71.16 5 1
github.com/EduardoOliveira/ckc/enrichment/ip.go:71.16,73.3 1 0
github.com/EduardoOliveira/ckc/enrichment/ip.go:74.2,76.38 2 1
github.com/EduardoOliveira/ckc/enrichment/ip.go:76.38,79.3 2 0
github.com/EduardoOliveira/ckc/enrichment/ip.go:81.2,82.69 2 1
github.com/EduardoOliveira/ckc/enrichment/ip.go:82.69,85.3 2 0
github.com/EduardoOliveira/ckc/enrichment/ip.go:86.2,87.27 2 1
